2024-09-15 23:21:07,945 - INFO - Folder already exists: export
2024-09-15 23:21:07,948 - INFO - Successfully read the file: export\departments.json
2024-09-15 23:21:07,948 - INFO - Process of fetching must courses has started
2024-09-15 23:21:07,948 - WARNING - Skipping department 976 due to no courses.
2024-09-15 23:21:07,949 - INFO - Processing department 2/200 (Aerospace Engineering/Havacılık ve Uzay Mühendisliği )
2024-09-15 23:21:08,215 - INFO - Processing department 3/200 (Aerospace Engineering/Havacılık ve Uzay Mühendisliği(Kuzey Kıbrıs Kampüsü) )
2024-09-15 23:21:08,422 - INFO - Processing department 4/200 (Applied Ethics/Uygulamalı Etik )
2024-09-15 23:21:08,469 - INFO - Processing department 5/200 (Archaeometry/Arkeometri )
2024-09-15 23:21:08,517 - INFO - Processing department 6/200 (Architecture/Mimarlık )
2024-09-15 23:21:08,748 - INFO - Processing department 7/200 (Architecture/Mimarlık(Kuzey Kıbrıs Kampüsü) )
2024-09-15 23:21:08,801 - INFO - Processing department 8/200 (Area Studies/Bölge Çalışmaları )
2024-09-15 23:21:08,852 - INFO - Processing department 9/200 (Art/Sanat(Kuzey Kıbrıs Kampüsü) )
2024-09-15 23:21:08,907 - INFO - Processing department 10/200 (Asian Studies/Asya Çalışmaları )
2024-09-15 23:21:08,954 - INFO - Processing department 11/200 (Astrophysics/Astrofizik )
2024-09-15 23:21:09,001 - INFO - Processing department 12/200 (Biochemistry/Biyokimya )
2024-09-15 23:21:09,057 - INFO - Processing department 13/200 (Bioinformatics/Biyoenformatik )
2024-09-15 23:21:09,104 - WARNING - Skipping department 459 due to no courses.
2024-09-15 23:21:09,105 - INFO - Processing department 15/200 (Biology/Biyoloji )
2024-09-15 23:21:09,312 - INFO - Processing department 16/200 (Biology/Biyoloji(Kuzey Kıbrıs Kampüsü) )
2024-09-15 23:21:09,368 - INFO - Processing department 17/200 (Biomedical Engineering/Biyomedikal Mühendisliği )
2024-09-15 23:21:09,415 - INFO - Processing department 18/200 (Biotechnology/Biyoteknoloji )
2024-09-15 23:21:09,461 - INFO - Processing department 19/200 (Building Science/Yapı Bilimleri )
2024-09-15 23:21:09,514 - INFO - Processing department 20/200 (Business Administration (International Joint Program)/İşletme (Uluslararası Ortak Program) )
2024-09-15 23:21:09,665 - WARNING - Skipping department 351 due to no courses.
2024-09-15 23:21:09,665 - INFO - Processing department 22/200 (Business Administration/İşletme )
2024-09-15 23:21:09,860 - INFO - Processing department 23/200 (Business Administration/İşletme(Kuzey Kıbrıs Kampüsü) )
2024-09-15 23:21:10,040 - INFO - Processing department 24/200 (Cement Engineering/Çimento Mühendisliği )
2024-09-15 23:21:10,088 - INFO - Processing department 25/200 (Chemical Engineering/Kimya Mühendisliği )
2024-09-15 23:21:10,287 - INFO - Processing department 26/200 (Chemical Engineering/Kimya Mühendisliği(Kuzey Kıbrıs Kampüsü) )
2024-09-15 23:21:10,471 - WARNING - Skipping department 952 due to no courses.
2024-09-15 23:21:10,471 - WARNING - Skipping department 422 due to no courses.
2024-09-15 23:21:10,471 - INFO - Processing department 29/200 (Chemistry/Kimya )
2024-09-15 23:21:10,665 - INFO - Processing department 30/200 (Chemistry/Kimya(Kuzey Kıbrıs Kampüsü) )
2024-09-15 23:21:10,719 - INFO - Processing department 31/200 (City and Regional Planning/Şehir ve Bölge Planlama )
2024-09-15 23:21:10,892 - INFO - Processing department 32/200 (City Planning/Şehir Planlama )
2024-09-15 23:21:10,951 - INFO - Processing department 33/200 (Civil Engineering/İnşaat Mühendisliği )
2024-09-15 23:21:11,144 - INFO - Processing department 34/200 (Civil Engineering/İnşaat Mühendisliği(Kuzey Kıbrıs Kampüsü) )
2024-09-15 23:21:11,367 - INFO - Processing department 35/200 (Cognitive Sciences/Bilişsel Bilimler )
2024-09-15 23:21:11,411 - INFO - Processing department 36/200 (Computational Design and Fabrication Technologies in Architecture (International Joint Program)/Mimarlıkta Sayısal Tasarım ve Üretim Teknolojileri (Uluslararası Ortak Program) )
2024-09-15 23:21:11,459 - INFO - Processing department 37/200 (Computer Education and Instructional Technology/Bilgisayar ve Öğretim Teknolojileri Eğitimi )
2024-09-15 23:21:11,636 - INFO - Processing department 38/200 (Computer Education and Instructional Technology/Bilgisayar ve Öğretim Teknolojileri Öğretmenliği(Kuzey Kıbrıs Kampüsü) )
2024-09-15 23:21:11,836 - INFO - Processing department 39/200 (Computer Engineering/Bilgisayar Mühendisliği )
2024-09-15 23:21:12,020 - INFO - Processing department 40/200 (Computer Engineering/Bilgisayar Mühendisliği(Kuzey Kıbrıs Kampüsü) )
2024-09-15 23:21:12,209 - WARNING - Skipping department 971 due to no courses.
2024-09-15 23:21:12,209 - WARNING - Skipping department 825 due to no courses.
2024-09-15 23:21:12,209 - INFO - Processing department 43/200 (Cyber Security/Siber Güvenlik )
2024-09-15 23:21:12,265 - WARNING - Skipping department 886 due to no courses.
2024-09-15 23:21:12,266 - INFO - Processing department 45/200 (Data Informatics/Veri Bilişimi )
2024-09-15 23:21:12,311 - INFO - Processing department 46/200 (Design Research for Interaction (International Joint Program)/Etkileşim için Tasarım (Uluslararası Ortak Program) )
2024-09-15 23:21:12,357 - INFO - Processing department 47/200 (Early Childhood Education/Okul Öncesi Öğretmenliği )
2024-09-15 23:21:12,557 - INFO - Processing department 48/200 (Earth System Science/Yer Sistem Bilimleri )
2024-09-15 23:21:12,605 - WARNING - Skipping department 875 due to no courses.
2024-09-15 23:21:12,605 - INFO - Processing department 50/200 (Earthquake Studies/Deprem Çalışmaları )
2024-09-15 23:21:12,651 - INFO - Processing department 51/200 (Economics/İktisat )
2024-09-15 23:21:12,834 - INFO - Processing department 52/200 (Economics/İktisat(Kuzey Kıbrıs Kampüsü) )
2024-09-15 23:21:13,014 - WARNING - Skipping department 824 due to no courses.
2024-09-15 23:21:13,015 - INFO - Processing department 54/200 (Educational Sciences/Eğitim Bilimleri )
2024-09-15 23:21:13,069 - INFO - Processing department 55/200 (Educational Sciences/Eğitim Bilimleri(Kuzey Kıbrıs Kampüsü) )
2024-09-15 23:21:13,121 - INFO - Processing department 56/200 (Electrical and Electronics Engineering/Elektrik ve Elektronik Mühendisliği )
2024-09-15 23:21:13,316 - INFO - Processing department 57/200 (Electrical and Electronics Engineering/Elektrik ve Elektronik Mühendisliği(Kuzey Kıbrıs Kampüsü) )
2024-09-15 23:21:13,504 - WARNING - Skipping department 797 due to no courses.
2024-09-15 23:21:13,505 - INFO - Processing department 59/200 (Elektronik Teknolojisi/Elektronik Teknolojisi )
2024-09-15 23:21:13,640 - WARNING - Skipping department 401 due to no courses.
2024-09-15 23:21:13,640 - WARNING - Skipping department 410 due to no courses.
2024-09-15 23:21:13,641 - WARNING - Skipping department 413 due to no courses.
2024-09-15 23:21:13,641 - WARNING - Skipping department 822 due to no courses.
2024-09-15 23:21:13,641 - WARNING - Skipping department 412 due to no courses.
2024-09-15 23:21:13,642 - WARNING - Skipping department 799 due to no courses.
2024-09-15 23:21:13,642 - INFO - Processing department 66/200 (Engineering Management/Mühendislik Yönetimi )
2024-09-15 23:21:13,689 - INFO - Processing department 67/200 (Engineering Sciences/Mühendislik Bilimleri )
2024-09-15 23:21:13,743 - INFO - Processing department 68/200 (Engineering Sciences/Mühendislik Bilimleri(Kuzey Kıbrıs Kampüsü) )
2024-09-15 23:21:13,834 - INFO - Processing department 69/200 (English Language Teaching (International Joint Program)/İngilizce Öğretmenliği (Uluslararası Ortak Program) )
2024-09-15 23:21:14,002 - INFO - Processing department 70/200 (English Language Teaching/İngiliz Dili Öğretimi )
2024-09-15 23:21:14,048 - INFO - Processing department 71/200 (English Language Teaching/İngiliz Dili Öğretimi(Kuzey Kıbrıs Kampüsü) )
2024-09-15 23:21:14,096 - INFO - Processing department 72/200 (English Literature/İngiliz Edebiyatı )
2024-09-15 23:21:14,141 - INFO - Processing department 73/200 (Environmental Engineering/Çevre Mühendisliği )
2024-09-15 23:21:14,337 - WARNING - Skipping department 382 due to no courses.
2024-09-15 23:21:14,338 - WARNING - Skipping department 884 due to no courses.
2024-09-15 23:21:14,338 - INFO - Processing department 76/200 (Eurasian Studies/Avrasya Çalışmaları )
2024-09-15 23:21:14,386 - WARNING - Skipping department 838 due to no courses.
2024-09-15 23:21:14,386 - INFO - Processing department 78/200 (European Studies/Avrupa Çalışmaları )
2024-09-15 23:21:14,431 - INFO - Processing department 79/200 (Executive Master of Business  Administration/Yöneticiler için İşletme )
2024-09-15 23:21:14,481 - WARNING - Skipping department 817 due to no courses.
2024-09-15 23:21:14,481 - WARNING - Skipping department 974 due to no courses.
2024-09-15 23:21:14,481 - WARNING - Skipping department 973 due to no courses.
2024-09-15 23:21:14,482 - WARNING - Skipping department 381 due to no courses.
2024-09-15 23:21:14,483 - INFO - Processing department 84/200 (Food Engineering/Gıda Mühendisliği )
2024-09-15 23:21:14,667 - WARNING - Skipping department 796 due to no courses.
2024-09-15 23:21:14,667 - INFO - Processing department 86/200 (Foreign Language Education/İngilizce Öğretmenliği )
2024-09-15 23:21:14,869 - INFO - Processing department 87/200 (Gender&Women Studies/Toplumsal Cinsiyet ve Kadın Çalışmaları )
2024-09-15 23:21:14,914 - INFO - Processing department 88/200 (Geodetic and Geographical Information Technologies/Jeodezi ve Coğrafi Bilgi Teknolojileri )
2024-09-15 23:21:14,963 - INFO - Processing department 89/200 (Geological Engineering/Jeoloji Mühendisliği )
2024-09-15 23:21:15,154 - INFO - Processing department 90/200 (Global and International Affairs (International Joint Program)/Küresel Siyaset ve Uluslararası İlişkiler (Uluslararası Ortak Program) )
2024-09-15 23:21:15,293 - WARNING - Skipping department 800 due to no courses.
2024-09-15 23:21:15,293 - INFO - Processing department 92/200 (Graduate Program in Conservation of Cultural Heritage/Kültürel Mirası Koruma Programı )
2024-09-15 23:21:15,350 - INFO - Processing department 93/200 (Graduate School of Marine Sciences/Deniz Bilimleri Enstitüsü )
2024-09-15 23:21:15,398 - WARNING - Skipping department 823 due to no courses.
2024-09-15 23:21:15,398 - INFO - Processing department 95/200 (Guidance and Psychological Counseling/Rehberlik ve Psikolojik Danışmanlık(Kuzey Kıbrıs Kampüsü) )
2024-09-15 23:21:15,561 - INFO - Processing department 96/200 (History of Architecture/Mimarlık Tarihi )
2024-09-15 23:21:15,622 - INFO - Processing department 97/200 (History/Tarih )
2024-09-15 23:21:15,814 - INFO - Processing department 98/200 (History/Tarih(Kuzey Kıbrıs Kampüsü) )
2024-09-15 23:21:15,865 - INFO - Processing department 99/200 (Human Resources Development In Education/Eğtimde İnsan Kaynaklarını Geliştirme )
2024-09-15 23:21:15,909 - WARNING - Skipping department 869 due to no courses.
2024-09-15 23:21:15,909 - WARNING - Skipping department 830 due to no courses.
2024-09-15 23:21:15,909 - WARNING - Skipping department 791 due to no courses.
2024-09-15 23:21:15,913 - WARNING - Skipping department 386 due to no courses.
2024-09-15 23:21:15,913 - INFO - Processing department 104/200 (Industrial Design/Endüstriyel Tasarım )
2024-09-15 23:21:16,092 - INFO - Processing department 105/200 (Industrial Engineering/Endüstri Mühendisliği )
2024-09-15 23:21:16,281 - INFO - Processing department 106/200 (Industrial Engineering/Endüstri Mühendisliği(Kuzey Kıbrıs Kampüsü) )
2024-09-15 23:21:16,516 - INFO - Processing department 107/200 (Informatics Online/Internet Üzerinden Bilişim )
2024-09-15 23:21:16,565 - INFO - Processing department 108/200 (Information Systems/Bilişim Sistemleri )
2024-09-15 23:21:16,613 - INFO - Processing department 109/200 (Institute Of Applied Mathematics/Uygulamalı Matematik Enstitüsü )
2024-09-15 23:21:16,659 - INFO - Processing department 110/200 (International Relations/Uluslararası İlişkiler )
2024-09-15 23:21:16,839 - INFO - Processing department 111/200 (Latin and North American Studies/Latin ve Kuzey Amerika Çalışmaları )
2024-09-15 23:21:16,886 - INFO - Processing department 112/200 (Marine Biology and Fisheries/Deniz Biyolojisi ve Balıkçılığı )
2024-09-15 23:21:16,933 - WARNING - Skipping department 953 due to no courses.
2024-09-15 23:21:16,933 - INFO - Processing department 114/200 (Mathematics and Science Education/Matematik ve Fen Bilimleri Eğitimi )
2024-09-15 23:21:16,985 - WARNING - Skipping department 826 due to no courses.
2024-09-15 23:21:16,985 - WARNING - Skipping department 423 due to no courses.
2024-09-15 23:21:16,985 - INFO - Processing department 117/200 (Mathematics/Matematik )
2024-09-15 23:21:17,165 - INFO - Processing department 118/200 (Mathematics/Matematik(Kuzey Kıbrıs Kampüsü) )
2024-09-15 23:21:17,217 - INFO - Processing department 119/200 (Mechanical Design and Manufacturing/Mekanik Tasarım ve İmalat )
2024-09-15 23:21:17,265 - INFO - Processing department 120/200 (Mechanical Engineering/Makina Mühendisliği )
2024-09-15 23:21:17,454 - INFO - Processing department 121/200 (Mechanical Engineering/Makina Mühendisliği(Kuzey Kıbrıs Kampüsü) )
2024-09-15 23:21:17,644 - INFO - Processing department 122/200 (Media and Cultural Studies/Medya ve Kültürel Çalışmaları )
2024-09-15 23:21:17,691 - INFO - Processing department 123/200 (Medical Informatics/Tıp Bilişimi )
2024-09-15 23:21:17,738 - INFO - Processing department 124/200 (Meslek Yüksekokulu/Meslek Yüksekokulu )
2024-09-15 23:21:17,788 - INFO - Processing department 125/200 (Metallurgical and Materials Engineering/Metalurji ve Malzeme Mühendisliği )
2024-09-15 23:21:17,978 - INFO - Processing department 126/200 (Micro and Nanotechnology/Mikro ve Nanoteknoloji )
2024-09-15 23:21:18,025 - INFO - Processing department 127/200 (Middle East Studies/Orta Doğu Araştırmaları )
2024-09-15 23:21:18,071 - INFO - Processing department 128/200 (Mining Engineering/Maden Mühendisliği )
2024-09-15 23:21:18,256 - WARNING - Skipping department 903 due to no courses.
2024-09-15 23:21:18,258 - INFO - Processing department 130/200 (Modern Language (Greek)/Modern Diller (Yunanca) )
2024-09-15 23:21:18,308 - WARNING - Skipping department 602 due to no courses.
2024-09-15 23:21:18,309 - INFO - Processing department 132/200 (Modern Languages (Chinese)/Modern Diller (Çince) )
2024-09-15 23:21:18,360 - INFO - Processing department 133/200 (Modern Languages (Chinese)/Modern Diller (Çince)(Kuzey Kıbrıs Kampüsü) )
2024-09-15 23:21:18,412 - INFO - Processing department 134/200 (Modern Languages (English)/Modern Diller (İngilizce) )
2024-09-15 23:21:18,463 - INFO - Processing department 135/200 (Modern Languages (English)/Modern Diller (İngilizce)(Kuzey Kıbrıs Kampüsü) )
2024-09-15 23:21:18,514 - INFO - Processing department 136/200 (Modern Languages (French)/Modern Diller (Fransızca) )
2024-09-15 23:21:18,566 - INFO - Processing department 137/200 (Modern Languages (French)/Modern Diller (Fransızca)(Kuzey Kıbrıs Kampüsü) )
2024-09-15 23:21:18,617 - INFO - Processing department 138/200 (Modern Languages (German)/Modern Diller (Almanca) )
2024-09-15 23:21:18,690 - INFO - Processing department 139/200 (Modern Languages (German)/Modern Diller (Almanca)(Kuzey Kıbrıs Kampüsü) )
2024-09-15 23:21:18,742 - WARNING - Skipping department 609 due to no courses.
2024-09-15 23:21:18,743 - INFO - Processing department 141/200 (Modern Languages (Italian)/Modern Diller (İtalyanca) )
2024-09-15 23:21:18,795 - INFO - Processing department 142/200 (Modern Languages (Japanese)/Modern Diller (Japonca) )
2024-09-15 23:21:18,883 - WARNING - Skipping department 613 due to no courses.
2024-09-15 23:21:18,885 - INFO - Processing department 144/200 (Modern Languages (Persian)/Modern Diller (Farsça) )
2024-09-15 23:21:18,935 - INFO - Processing department 145/200 (Modern Languages (Russian)/Modern Diller (Rusça) )
2024-09-15 23:21:18,987 - INFO - Processing department 146/200 (Modern Languages (Spanish)/Modern Diller (İspanyolca) )
2024-09-15 23:21:19,039 - INFO - Processing department 147/200 (Modern Languages (Spanish)/Modern Diller (İspanyolca)(Kuzey Kıbrıs Kampüsü) )
2024-09-15 23:21:19,091 - INFO - Processing department 148/200 (Modern Languages (Turkish as a Foreign Languages)/Modern Diller (Yabancılar için Türk Dili) )
2024-09-15 23:21:19,142 - INFO - Processing department 149/200 (Molecular Biology and Genetics/Moleküler Biyoloji ve Genetik )
2024-09-15 23:21:19,324 - INFO - Processing department 150/200 (Multimedia Informatics/Çokluortam Bilişimi )
2024-09-15 23:21:19,370 - WARNING - Skipping department 644 due to no courses.
2024-09-15 23:21:19,371 - INFO - Processing department 152/200 (Music and Fine Arts/Müzik ve Güzel Sanatlar )
2024-09-15 23:21:19,424 - INFO - Processing department 153/200 (Music and Fine Arts/Müzik ve Güzel Sanatlar )
2024-09-15 23:21:19,476 - INFO - Processing department 154/200 (Music and Fine Arts/Müzik ve Güzel Sanatlar )
2024-09-15 23:21:19,529 - INFO - Processing department 155/200 (Neuroscience and Neurotechnology/Nörobilim ve Nöroteknoloji )
2024-09-15 23:21:19,575 - INFO - Processing department 156/200 (Occupational Health and Safety/İş Sağlığı ve Güvenliği )
2024-09-15 23:21:19,622 - INFO - Processing department 157/200 (Occupational Health and Safety/İş Sağlığı ve Güvenliği(Kuzey Kıbrıs Kampüsü) )
2024-09-15 23:21:19,672 - INFO - Processing department 158/200 (Oceanography/Deniz Bilim (Oşinografi) )
2024-09-15 23:21:19,720 - INFO - Processing department 159/200 (Operational Research/Yöneylem  Araştırması )
2024-09-15 23:21:19,766 - INFO - Processing department 160/200 (Petroleum and Natural Gas Engineering/Petrol ve Doğal Gaz Mühendisliği )
2024-09-15 23:21:19,972 - INFO - Processing department 161/200 (Petroleum and Natural Gas Engineering/Petrol ve Doğal Gaz Mühendisliği(Kuzey Kıbrıs Kampüsü) )
2024-09-15 23:21:20,164 - INFO - Processing department 162/200 (Philosophy/Felsefe )
2024-09-15 23:21:20,339 - INFO - Processing department 163/200 (Philosophy/Felsefe(Kuzey Kıbrıs Kampüsü) )
2024-09-15 23:21:20,391 - WARNING - Skipping department 951 due to no courses.
2024-09-15 23:21:20,392 - INFO - Processing department 165/200 (Physical Education and Sports/Beden Eğitimi ve Spor )
2024-09-15 23:21:20,533 - WARNING - Skipping department 421 due to no courses.
2024-09-15 23:21:20,533 - INFO - Processing department 167/200 (Physics/Fizik )
2024-09-15 23:21:20,716 - INFO - Processing department 168/200 (Physics/Fizik(Kuzey Kıbrıs Kampüsü) )
2024-09-15 23:21:20,769 - INFO - Processing department 169/200 (Political Science and International Relations/Siyaset Bilimi ve Uluslararası İlişkiler(Kuzey Kıbrıs Kampüsü) )
2024-09-15 23:21:20,948 - INFO - Processing department 170/200 (Political Science and Public Adm./Siyaset Bilimi ve Kamu Yönetimi )
2024-09-15 23:21:21,131 - INFO - Processing department 171/200 (Polymer Science and Technology/Polimer Bilim ve Teknolojisi )
2024-09-15 23:21:21,178 - INFO - Processing department 172/200 (Psychology/Psikoloji )
2024-09-15 23:21:21,382 - INFO - Processing department 173/200 (Psychology/Psikoloji(Kuzey Kıbrıs Kampüsü) )
2024-09-15 23:21:21,561 - INFO - Processing department 174/200 (Regional Planning/Bölge Planlama )
2024-09-15 23:21:21,609 - INFO - Processing department 175/200 (Robotics/Robotik )
2024-09-15 23:21:21,655 - INFO - Processing department 176/200 (Science and Technology Policy Studies/Bilim ve Teknoloji Politikası Çalışmaları )
2024-09-15 23:21:21,701 - WARNING - Skipping department 827 due to no courses.
2024-09-15 23:21:21,701 - WARNING - Skipping department 972 due to no courses.
2024-09-15 23:21:21,702 - INFO - Processing department 179/200 (Secondary Science and Mathematics Educ./Ortaöğretim Fen ve Matematik Alan.Eğitimi )
2024-09-15 23:21:21,755 - INFO - Processing department 180/200 (Settlement Archaeology/Yerleşim Arkeolojisi )
2024-09-15 23:21:21,802 - INFO - Processing department 181/200 (Social Anthropology/Sosyal Antropoloji )
2024-09-15 23:21:21,848 - INFO - Processing department 182/200 (Social Policy/Sosyal Politika )
2024-09-15 23:21:21,895 - INFO - Processing department 183/200 (Social Sciences (Turkish- German) (International Joint Program)/Sosyal Bilimler (Türk-Alman) (Uluslararası Ortak Program) )
2024-09-15 23:21:21,941 - INFO - Processing department 184/200 (Sociology/Sosyoloji )
2024-09-15 23:21:22,113 - INFO - Processing department 185/200 (Sociology/Sosyoloji(Kuzey Kıbrıs Kampüsü) )
2024-09-15 23:21:22,166 - INFO - Processing department 186/200 (Software Engineering/Yazılım Mühendisliği )
2024-09-15 23:21:22,212 - INFO - Processing department 187/200 (Software Engineering/Yazılım Mühendisliği(Kuzey Kıbrıs Kampüsü) )
2024-09-15 23:21:22,411 - WARNING - Skipping department 905 due to no courses.
2024-09-15 23:21:22,411 - INFO - Processing department 189/200 (Statistics/İstatistik )
2024-09-15 23:21:22,592 - WARNING - Skipping department 363 due to no courses.
2024-09-15 23:21:22,592 - WARNING - Skipping department 868 due to no courses.
2024-09-15 23:21:22,592 - INFO - Processing department 192/200 (Sustainable Environment and Energy Systems/Sürdürülebilir Çevre ve Enerji Sistemleri(Kuzey Kıbrıs Kampüsü) )
2024-09-15 23:21:22,639 - INFO - Processing department 193/200 (Teaching English as a Foreign Language/İngilizce Öğretmenliği(Kuzey Kıbrıs Kampüsü) )
2024-09-15 23:21:22,812 - WARNING - Skipping department 790 due to no courses.
2024-09-15 23:21:22,813 - INFO - Processing department 195/200 (Turkish Language/Türk Dili )
2024-09-15 23:21:22,866 - INFO - Processing department 196/200 (Turkish Language/Türk Dili(Kuzey Kıbrıs Kampüsü) )
2024-09-15 23:21:22,917 - INFO - Processing department 197/200 (Urban Design/Kentsel Tasarım )
2024-09-15 23:21:22,964 - INFO - Processing department 198/200 (Urban Policy Planning and Local Governments/Kentsel Politika Planlaması ve Yerel Yönetimler )
2024-09-15 23:21:23,010 - WARNING - Skipping department 792 due to no courses.
2024-09-15 23:21:23,010 - WARNING - Skipping department 907 due to no courses.
2024-09-15 23:21:23,011 - INFO - Process of fetching must courses has ended
2024-09-15 23:21:23,058 - INFO - Must Course data exported to: export\musts.json
