2024-09-15 22:42:49,670 - INFO - Folder already exists: export
2024-09-15 22:42:49,782 - INFO - Total 200 departments found
2024-09-15 22:42:49,787 - INFO - Current semester is fetched: '20241:2024-2025 Fall '
2024-09-15 22:42:49,787 - INFO - Process of fetching all data has started
2024-09-15 22:42:49,787 - INFO - Department 1/200
2024-09-15 22:42:49,787 - INFO - Department code: 976
2024-09-15 22:42:49,867 - WARNING - Any course not found with this department: 976
2024-09-15 22:42:49,868 - INFO - Department 2/200
2024-09-15 22:42:49,868 - INFO - Department code: 572
2024-09-15 22:42:49,994 - INFO - Total 33 courses found
2024-09-15 22:43:17,269 - INFO - Department 3/200
2024-09-15 22:43:17,270 - INFO - Department code: 384
2024-09-15 22:43:17,364 - INFO - Total 16 courses found
2024-09-15 22:43:22,565 - INFO - Department 4/200
2024-09-15 22:43:22,565 - INFO - Department code: 836
2024-09-15 22:43:22,636 - INFO - Total 2 courses found
2024-09-15 22:43:23,302 - INFO - Department 5/200
2024-09-15 22:43:23,303 - INFO - Department code: 863
2024-09-15 22:43:23,388 - INFO - Total 10 courses found
2024-09-15 22:43:40,064 - INFO - Department 6/200
2024-09-15 22:43:40,064 - INFO - Department code: 120
2024-09-15 22:43:40,202 - INFO - Total 44 courses found
2024-09-15 22:44:12,459 - INFO - Department 7/200
2024-09-15 22:44:12,459 - INFO - Department code: 379
2024-09-15 22:44:12,520 - INFO - Total 1 courses found
2024-09-15 22:44:13,053 - INFO - Department 8/200
2024-09-15 22:44:13,053 - INFO - Department code: 815
2024-09-15 22:44:13,172 - INFO - Total 4 courses found
2024-09-15 22:44:14,619 - INFO - Department 9/200
2024-09-15 22:44:14,619 - INFO - Department code: 375
2024-09-15 22:44:14,691 - INFO - Total 2 courses found
2024-09-15 22:44:15,566 - INFO - Department 10/200
2024-09-15 22:44:15,566 - INFO - Department code: 842
2024-09-15 22:44:15,625 - INFO - Total 7 courses found
2024-09-15 22:44:17,740 - INFO - Department 11/200
2024-09-15 22:44:17,740 - INFO - Department code: 864
2024-09-15 22:44:17,813 - INFO - Total 3 courses found
2024-09-15 22:44:18,636 - INFO - Department 12/200
2024-09-15 22:44:18,636 - INFO - Department code: 860
2024-09-15 22:44:18,702 - INFO - Total 4 courses found
2024-09-15 22:44:43,638 - INFO - Department 13/200
2024-09-15 22:44:43,639 - INFO - Department code: 908
2024-09-15 22:44:43,721 - INFO - Total 9 courses found
2024-09-15 22:44:47,706 - INFO - Department 14/200
2024-09-15 22:44:47,707 - INFO - Department code: 459
2024-09-15 22:44:47,831 - WARNING - Any course not found with this department: 459
2024-09-15 22:44:47,831 - INFO - Department 15/200
2024-09-15 22:44:47,832 - INFO - Department code: 238
2024-09-15 22:44:48,010 - INFO - Total 40 courses found
2024-09-15 22:45:07,457 - INFO - Department 16/200
2024-09-15 22:45:07,473 - INFO - Department code: 373
2024-09-15 22:45:07,531 - INFO - Total 1 courses found
2024-09-15 22:45:07,974 - INFO - Department 17/200
2024-09-15 22:45:07,974 - INFO - Department code: 872
2024-09-15 22:45:08,044 - INFO - Total 7 courses found
2024-09-15 22:45:27,818 - INFO - Department 18/200
2024-09-15 22:45:27,819 - INFO - Department code: 861
2024-09-15 22:45:27,915 - INFO - Total 9 courses found
2024-09-15 22:45:54,980 - INFO - Department 19/200
2024-09-15 22:45:54,996 - INFO - Department code: 854
2024-09-15 22:45:55,081 - INFO - Total 9 courses found
2024-09-15 22:46:02,463 - INFO - Department 20/200
2024-09-15 22:46:02,463 - INFO - Department code: 316
2024-09-15 22:46:02,581 - INFO - Total 7 courses found
2024-09-15 22:46:04,690 - INFO - Department 21/200
2024-09-15 22:46:04,691 - INFO - Department code: 351
2024-09-15 22:46:04,769 - WARNING - Any course not found with this department: 351
2024-09-15 22:46:04,770 - INFO - Department 22/200
2024-09-15 22:46:04,770 - INFO - Department code: 312
2024-09-15 22:46:04,968 - INFO - Total 69 courses found
2024-09-15 22:46:45,596 - INFO - Department 23/200
2024-09-15 22:46:45,597 - INFO - Department code: 353
2024-09-15 22:46:45,687 - INFO - Total 13 courses found
2024-09-15 22:46:49,703 - INFO - Department 24/200
2024-09-15 22:46:49,704 - INFO - Department code: 870
2024-09-15 22:46:49,790 - INFO - Total 1 courses found
2024-09-15 22:46:50,259 - INFO - Department 25/200
2024-09-15 22:46:50,259 - INFO - Department code: 563
2024-09-15 22:46:50,401 - INFO - Total 27 courses found
2024-09-15 22:47:10,682 - INFO - Department 26/200
2024-09-15 22:47:10,682 - INFO - Department code: 367
2024-09-15 22:47:10,774 - INFO - Total 11 courses found
2024-09-15 22:47:14,008 - INFO - Department 27/200
2024-09-15 22:47:14,009 - INFO - Department code: 952
2024-09-15 22:47:14,117 - WARNING - Any course not found with this department: 952
2024-09-15 22:47:14,118 - INFO - Department 28/200
2024-09-15 22:47:14,118 - INFO - Department code: 422
2024-09-15 22:47:14,225 - WARNING - Any course not found with this department: 422
2024-09-15 22:47:14,225 - INFO - Department 29/200
2024-09-15 22:47:14,226 - INFO - Department code: 234
2024-09-15 22:47:14,407 - INFO - Total 52 courses found
2024-09-15 22:47:52,549 - INFO - Department 30/200
2024-09-15 22:47:52,550 - INFO - Department code: 360
2024-09-15 22:47:52,627 - INFO - Total 4 courses found
2024-09-15 22:47:54,818 - INFO - Department 31/200
2024-09-15 22:47:54,819 - INFO - Department code: 121
2024-09-15 22:47:54,933 - INFO - Total 26 courses found
2024-09-15 22:48:08,713 - INFO - Department 32/200
2024-09-15 22:48:08,713 - INFO - Department code: 853
2024-09-15 22:48:08,785 - INFO - Total 4 courses found
2024-09-15 22:48:14,137 - INFO - Department 33/200
2024-09-15 22:48:14,137 - INFO - Department code: 562
2024-09-15 22:48:14,343 - INFO - Total 75 courses found
2024-09-15 22:48:56,600 - INFO - Department 34/200
2024-09-15 22:48:56,601 - INFO - Department code: 364
2024-09-15 22:48:56,704 - INFO - Total 16 courses found
2024-09-15 22:49:01,698 - INFO - Department 35/200
2024-09-15 22:49:01,699 - INFO - Department code: 902
2024-09-15 22:49:01,799 - INFO - Total 16 courses found
2024-09-15 22:49:12,033 - INFO - Department 36/200
2024-09-15 22:49:12,033 - INFO - Department code: 858
2024-09-15 22:49:12,091 - INFO - Total 2 courses found
2024-09-15 22:49:12,931 - INFO - Department 37/200
2024-09-15 22:49:12,947 - INFO - Department code: 430
2024-09-15 22:49:13,054 - INFO - Total 30 courses found
2024-09-15 22:49:25,717 - INFO - Department 38/200
2024-09-15 22:49:25,718 - INFO - Department code: 376
2024-09-15 22:49:25,786 - INFO - Total 1 courses found
2024-09-15 22:49:26,172 - INFO - Department 39/200
2024-09-15 22:49:26,173 - INFO - Department code: 571
2024-09-15 22:49:26,307 - INFO - Total 46 courses found
2024-09-15 22:50:18,876 - INFO - Department 40/200
2024-09-15 22:50:18,878 - INFO - Department code: 355
2024-09-15 22:50:19,001 - INFO - Total 31 courses found
2024-09-15 22:50:30,099 - INFO - Department 41/200
2024-09-15 22:50:30,099 - INFO - Department code: 971
2024-09-15 22:50:30,204 - WARNING - Any course not found with this department: 971
2024-09-15 22:50:30,204 - INFO - Department 42/200
2024-09-15 22:50:30,204 - INFO - Department code: 825
2024-09-15 22:50:30,293 - WARNING - Any course not found with this department: 825
2024-09-15 22:50:30,293 - INFO - Department 43/200
2024-09-15 22:50:30,294 - INFO - Department code: 910
2024-09-15 22:50:30,365 - INFO - Total 10 courses found
2024-09-15 22:50:34,431 - INFO - Department 44/200
2024-09-15 22:50:34,432 - INFO - Department code: 886
2024-09-15 22:50:34,516 - WARNING - Any course not found with this department: 886
2024-09-15 22:50:34,517 - INFO - Department 45/200
2024-09-15 22:50:34,517 - INFO - Department code: 911
2024-09-15 22:50:34,594 - INFO - Total 8 courses found
2024-09-15 22:50:38,801 - INFO - Department 46/200
2024-09-15 22:50:38,802 - INFO - Department code: 857
2024-09-15 22:50:38,864 - INFO - Total 2 courses found
2024-09-15 22:50:42,487 - INFO - Department 47/200
2024-09-15 22:50:42,487 - INFO - Department code: 411
2024-09-15 22:50:42,595 - INFO - Total 22 courses found
2024-09-15 22:50:51,002 - INFO - Department 48/200
2024-09-15 22:50:51,003 - INFO - Department code: 874
2024-09-15 22:50:51,094 - INFO - Total 12 courses found
2024-09-15 22:51:43,451 - INFO - Department 49/200
2024-09-15 22:51:43,452 - INFO - Department code: 875
2024-09-15 22:51:43,540 - WARNING - Any course not found with this department: 875
2024-09-15 22:51:43,540 - INFO - Department 50/200
2024-09-15 22:51:43,541 - INFO - Department code: 873
2024-09-15 22:51:43,613 - INFO - Total 4 courses found
2024-09-15 22:51:50,970 - INFO - Department 51/200
2024-09-15 22:51:50,970 - INFO - Department code: 311
2024-09-15 22:51:51,144 - INFO - Total 52 courses found
2024-09-15 22:52:28,607 - INFO - Department 52/200
2024-09-15 22:52:28,608 - INFO - Department code: 352
2024-09-15 22:52:28,701 - INFO - Total 14 courses found
2024-09-15 22:52:32,888 - INFO - Department 53/200
2024-09-15 22:52:32,889 - INFO - Department code: 824
2024-09-15 22:52:32,985 - WARNING - Any course not found with this department: 824
2024-09-15 22:52:32,986 - INFO - Department 54/200
2024-09-15 22:52:32,986 - INFO - Department code: 454
2024-09-15 22:52:33,111 - INFO - Total 32 courses found
2024-09-15 22:52:49,864 - INFO - Department 55/200
2024-09-15 22:52:49,864 - INFO - Department code: 368
2024-09-15 22:52:49,938 - INFO - Total 7 courses found
2024-09-15 22:52:52,008 - INFO - Department 56/200
2024-09-15 22:52:52,008 - INFO - Department code: 567
2024-09-15 22:52:52,181 - INFO - Total 61 courses found
2024-09-15 22:54:48,201 - INFO - Department 57/200
2024-09-15 22:54:48,201 - INFO - Department code: 356
2024-09-15 22:54:48,307 - INFO - Total 26 courses found
2024-09-15 22:54:56,735 - INFO - Department 58/200
2024-09-15 22:54:56,735 - INFO - Department code: 797
2024-09-15 22:54:56,825 - WARNING - Any course not found with this department: 797
2024-09-15 22:54:56,841 - INFO - Department 59/200
2024-09-15 22:54:56,841 - INFO - Department code: 798
2024-09-15 22:54:56,912 - INFO - Total 6 courses found
2024-09-15 22:54:58,986 - INFO - Department 60/200
2024-09-15 22:54:58,987 - INFO - Department code: 401
2024-09-15 22:54:59,072 - WARNING - Any course not found with this department: 401
2024-09-15 22:54:59,073 - INFO - Department 61/200
2024-09-15 22:54:59,074 - INFO - Department code: 410
2024-09-15 22:54:59,166 - INFO - Total 0 courses found
2024-09-15 22:54:59,166 - WARNING - Any course not found with this department: 410
2024-09-15 22:54:59,167 - INFO - Department 62/200
2024-09-15 22:54:59,167 - INFO - Department code: 413
2024-09-15 22:54:59,255 - WARNING - Any course not found with this department: 413
2024-09-15 22:54:59,256 - INFO - Department 63/200
2024-09-15 22:54:59,256 - INFO - Department code: 822
2024-09-15 22:54:59,322 - INFO - Total 0 courses found
2024-09-15 22:54:59,322 - WARNING - Any course not found with this department: 822
2024-09-15 22:54:59,323 - INFO - Department 64/200
2024-09-15 22:54:59,323 - INFO - Department code: 412
2024-09-15 22:54:59,409 - WARNING - Any course not found with this department: 412
2024-09-15 22:54:59,411 - INFO - Department 65/200
2024-09-15 22:54:59,411 - INFO - Department code: 799
2024-09-15 22:54:59,491 - WARNING - Any course not found with this department: 799
2024-09-15 22:54:59,491 - INFO - Department 66/200
2024-09-15 22:54:59,492 - INFO - Department code: 866
2024-09-15 22:54:59,578 - INFO - Total 7 courses found
2024-09-15 22:55:03,095 - INFO - Department 67/200
2024-09-15 22:55:03,095 - INFO - Department code: 561
2024-09-15 22:55:03,160 - INFO - Total 14 courses found
2024-09-15 22:55:09,948 - INFO - Department 68/200
2024-09-15 22:55:09,948 - INFO - Department code: 383
2024-09-15 22:55:10,023 - INFO - Total 2 courses found
2024-09-15 22:55:10,775 - INFO - Department 69/200
2024-09-15 22:55:10,777 - INFO - Department code: 451
2024-09-15 22:55:10,862 - INFO - Total 14 courses found
2024-09-15 22:55:14,450 - INFO - Department 70/200
2024-09-15 22:55:14,450 - INFO - Department code: 820
2024-09-15 22:55:14,547 - INFO - Total 17 courses found
2024-09-15 22:55:24,869 - INFO - Department 71/200
2024-09-15 22:55:24,869 - INFO - Department code: 391
2024-09-15 22:55:24,941 - INFO - Total 5 courses found
2024-09-15 22:55:26,346 - INFO - Department 72/200
2024-09-15 22:55:26,347 - INFO - Department code: 821
2024-09-15 22:55:26,429 - INFO - Total 10 courses found
2024-09-15 22:55:30,307 - INFO - Department 73/200
2024-09-15 22:55:30,307 - INFO - Department code: 560
2024-09-15 22:55:30,426 - INFO - Total 31 courses found
2024-09-15 22:55:41,784 - INFO - Department 74/200
2024-09-15 22:55:41,785 - INFO - Department code: 382
2024-09-15 22:55:41,877 - WARNING - Any course not found with this department: 382
2024-09-15 22:55:41,878 - INFO - Department 75/200
2024-09-15 22:55:41,878 - INFO - Department code: 884
2024-09-15 22:55:41,972 - WARNING - Any course not found with this department: 884
2024-09-15 22:55:41,973 - INFO - Department 76/200
2024-09-15 22:55:41,973 - INFO - Department code: 835
2024-09-15 22:55:42,061 - INFO - Total 5 courses found
2024-09-15 22:55:50,661 - INFO - Department 77/200
2024-09-15 22:55:50,663 - INFO - Department code: 838
2024-09-15 22:55:50,744 - WARNING - Any course not found with this department: 838
2024-09-15 22:55:50,745 - INFO - Department 78/200
2024-09-15 22:55:50,745 - INFO - Department code: 833
2024-09-15 22:55:50,848 - INFO - Total 5 courses found
2024-09-15 22:55:58,312 - INFO - Department 79/200
2024-09-15 22:55:58,313 - INFO - Department code: 837
2024-09-15 22:55:58,398 - INFO - Total 11 courses found
2024-09-15 22:56:01,579 - INFO - Department 80/200
2024-09-15 22:56:01,579 - INFO - Department code: 817
2024-09-15 22:56:01,681 - WARNING - Any course not found with this department: 817
2024-09-15 22:56:01,697 - INFO - Department 81/200
2024-09-15 22:56:01,697 - INFO - Department code: 974
2024-09-15 22:56:01,822 - WARNING - Any course not found with this department: 974
2024-09-15 22:56:01,822 - INFO - Department 82/200
2024-09-15 22:56:01,822 - INFO - Department code: 973
2024-09-15 22:56:01,902 - WARNING - Any course not found with this department: 973
2024-09-15 22:56:01,902 - INFO - Department 83/200
2024-09-15 22:56:01,902 - INFO - Department code: 381
2024-09-15 22:56:02,009 - WARNING - Any course not found with this department: 381
2024-09-15 22:56:02,009 - INFO - Department 84/200
2024-09-15 22:56:02,009 - INFO - Department code: 573
2024-09-15 22:56:02,140 - INFO - Total 30 courses found
2024-09-15 22:56:13,243 - INFO - Department 85/200
2024-09-15 22:56:13,243 - INFO - Department code: 796
2024-09-15 22:56:13,314 - WARNING - Any course not found with this department: 796
2024-09-15 22:56:13,314 - INFO - Department 86/200
2024-09-15 22:56:13,329 - INFO - Department code: 450
2024-09-15 22:56:13,452 - INFO - Total 26 courses found
2024-09-15 22:56:25,314 - INFO - Department 87/200
2024-09-15 22:56:25,314 - INFO - Department code: 810
2024-09-15 22:56:25,401 - INFO - Total 5 courses found
2024-09-15 22:56:31,947 - INFO - Department 88/200
2024-09-15 22:56:31,948 - INFO - Department code: 865
2024-09-15 22:56:32,029 - INFO - Total 4 courses found
2024-09-15 22:56:53,462 - INFO - Department 89/200
2024-09-15 22:56:53,464 - INFO - Department code: 564
2024-09-15 22:56:53,628 - INFO - Total 43 courses found
2024-09-15 22:57:12,971 - INFO - Department 90/200
2024-09-15 22:57:12,972 - INFO - Department code: 315
2024-09-15 22:57:13,058 - INFO - Total 9 courses found
2024-09-15 22:57:15,616 - INFO - Department 91/200
2024-09-15 22:57:15,616 - INFO - Department code: 800
2024-09-15 22:57:15,704 - WARNING - Any course not found with this department: 800
2024-09-15 22:57:15,704 - INFO - Department 92/200
2024-09-15 22:57:15,704 - INFO - Department code: 856
2024-09-15 22:57:15,882 - INFO - Total 16 courses found
2024-09-15 22:57:24,156 - INFO - Department 93/200
2024-09-15 22:57:24,156 - INFO - Department code: 950
2024-09-15 22:57:24,262 - INFO - Total 18 courses found
2024-09-15 22:57:34,151 - INFO - Department 94/200
2024-09-15 22:57:34,152 - INFO - Department code: 823
2024-09-15 22:57:34,243 - WARNING - Any course not found with this department: 823
2024-09-15 22:57:34,244 - INFO - Department 95/200
2024-09-15 22:57:34,244 - INFO - Department code: 378
2024-09-15 22:57:34,332 - INFO - Total 11 courses found
2024-09-15 22:57:37,497 - INFO - Department 96/200
2024-09-15 22:57:37,497 - INFO - Department code: 801
2024-09-15 22:57:37,579 - INFO - Total 13 courses found
2024-09-15 22:57:43,675 - INFO - Department 97/200
2024-09-15 22:57:43,676 - INFO - Department code: 240
2024-09-15 22:57:43,821 - INFO - Total 46 courses found
2024-09-15 22:58:03,964 - INFO - Department 98/200
2024-09-15 22:58:03,964 - INFO - Department code: 362
2024-09-15 22:58:04,052 - INFO - Total 3 courses found
2024-09-15 22:58:05,282 - INFO - Department 99/200
2024-09-15 22:58:05,283 - INFO - Department code: 834
2024-09-15 22:58:05,354 - INFO - Total 3 courses found
2024-09-15 22:58:06,338 - INFO - Department 100/200
2024-09-15 22:58:06,339 - INFO - Department code: 869
2024-09-15 22:58:06,431 - WARNING - Any course not found with this department: 869
2024-09-15 22:58:06,431 - INFO - Department 101/200
2024-09-15 22:58:06,432 - INFO - Department code: 830
2024-09-15 22:58:06,525 - WARNING - Any course not found with this department: 830
2024-09-15 22:58:06,526 - INFO - Department 102/200
2024-09-15 22:58:06,526 - INFO - Department code: 791
2024-09-15 22:58:06,622 - WARNING - Any course not found with this department: 791
2024-09-15 22:58:06,622 - INFO - Department 103/200
2024-09-15 22:58:06,623 - INFO - Department code: 386
2024-09-15 22:58:06,718 - WARNING - Any course not found with this department: 386
2024-09-15 22:58:06,719 - INFO - Department 104/200
2024-09-15 22:58:06,719 - INFO - Department code: 125
2024-09-15 22:58:06,853 - INFO - Total 37 courses found
2024-09-15 22:58:23,886 - INFO - Department 105/200
2024-09-15 22:58:23,886 - INFO - Department code: 568
2024-09-15 22:58:24,002 - INFO - Total 28 courses found
2024-09-15 22:58:39,872 - INFO - Department 106/200
2024-09-15 22:58:39,872 - INFO - Department code: 388
2024-09-15 22:58:39,959 - INFO - Total 7 courses found
2024-09-15 22:58:42,025 - INFO - Department 107/200
2024-09-15 22:58:42,026 - INFO - Department code: 904
2024-09-15 22:58:42,099 - INFO - Total 2 courses found
2024-09-15 22:58:42,709 - INFO - Department 108/200
2024-09-15 22:58:42,709 - INFO - Department code: 901
2024-09-15 22:58:42,827 - INFO - Total 16 courses found
2024-09-15 22:59:06,364 - INFO - Department 109/200
2024-09-15 22:59:06,364 - INFO - Department code: 970
2024-09-15 22:59:06,480 - INFO - Total 30 courses found
2024-09-15 22:59:19,996 - INFO - Department 110/200
2024-09-15 22:59:19,996 - INFO - Department code: 314
2024-09-15 22:59:20,156 - INFO - Total 44 courses found
2024-09-15 22:59:35,345 - INFO - Department 111/200
2024-09-15 22:59:35,346 - INFO - Department code: 843
2024-09-15 22:59:35,421 - INFO - Total 4 courses found
2024-09-15 22:59:38,326 - INFO - Department 112/200
2024-09-15 22:59:38,327 - INFO - Department code: 954
2024-09-15 22:59:38,407 - INFO - Total 2 courses found
2024-09-15 22:59:39,030 - INFO - Department 113/200
2024-09-15 22:59:39,031 - INFO - Department code: 953
2024-09-15 22:59:39,151 - WARNING - Any course not found with this department: 953
2024-09-15 22:59:39,152 - INFO - Department 114/200
2024-09-15 22:59:39,152 - INFO - Department code: 460
2024-09-15 22:59:39,316 - INFO - Total 48 courses found
2024-09-15 23:00:07,483 - INFO - Department 115/200
2024-09-15 23:00:07,483 - INFO - Department code: 826
2024-09-15 23:00:07,566 - WARNING - Any course not found with this department: 826
2024-09-15 23:00:07,566 - INFO - Department 116/200
2024-09-15 23:00:07,572 - INFO - Department code: 423
2024-09-15 23:00:07,658 - WARNING - Any course not found with this department: 423
2024-09-15 23:00:07,658 - INFO - Department 117/200
2024-09-15 23:00:07,658 - INFO - Department code: 236
2024-09-15 23:00:07,843 - INFO - Total 55 courses found
2024-09-15 23:01:08,055 - INFO - Department 118/200
2024-09-15 23:01:08,055 - INFO - Department code: 357
2024-09-15 23:01:08,140 - INFO - Total 7 courses found
2024-09-15 23:01:12,229 - INFO - Department 119/200
2024-09-15 23:01:12,229 - INFO - Department code: 876
2024-09-15 23:01:12,307 - INFO - Total 3 courses found
2024-09-15 23:01:13,250 - INFO - Department 120/200
2024-09-15 23:01:13,250 - INFO - Department code: 569
2024-09-15 23:01:13,416 - INFO - Total 57 courses found
2024-09-15 23:01:47,022 - INFO - Department 121/200
2024-09-15 23:01:47,022 - INFO - Department code: 365
2024-09-15 23:01:47,161 - INFO - Total 25 courses found
2024-09-15 23:01:55,603 - INFO - Department 122/200
2024-09-15 23:01:55,603 - INFO - Department code: 816
2024-09-15 23:01:55,677 - INFO - Total 3 courses found
2024-09-15 23:01:57,751 - INFO - Department 123/200
2024-09-15 23:01:57,752 - INFO - Department code: 906
2024-09-15 23:01:57,872 - INFO - Total 7 courses found
2024-09-15 23:02:08,107 - INFO - Department 124/200
2024-09-15 23:02:08,107 - INFO - Department code: 795
2024-09-15 23:02:08,207 - INFO - Total 21 courses found
2024-09-15 23:02:13,948 - INFO - Department 125/200
2024-09-15 23:02:13,948 - INFO - Department code: 570
2024-09-15 23:02:14,143 - INFO - Total 36 courses found
2024-09-15 23:02:34,490 - INFO - Department 126/200
2024-09-15 23:02:34,490 - INFO - Department code: 871
2024-09-15 23:02:34,594 - INFO - Total 5 courses found
2024-09-15 23:02:54,044 - INFO - Department 127/200
2024-09-15 23:02:54,044 - INFO - Department code: 832
2024-09-15 23:02:54,121 - INFO - Total 5 courses found
2024-09-15 23:02:55,582 - INFO - Department 128/200
2024-09-15 23:02:55,582 - INFO - Department code: 565
2024-09-15 23:02:55,733 - INFO - Total 29 courses found
2024-09-15 23:03:05,894 - INFO - Department 129/200
2024-09-15 23:03:05,895 - INFO - Department code: 903
2024-09-15 23:03:05,985 - WARNING - Any course not found with this department: 903
2024-09-15 23:03:05,986 - INFO - Department 130/200
2024-09-15 23:03:05,986 - INFO - Department code: 610
2024-09-15 23:03:06,053 - INFO - Total 3 courses found
2024-09-15 23:03:06,995 - INFO - Department 131/200
2024-09-15 23:03:06,995 - INFO - Department code: 602
2024-09-15 23:03:07,073 - WARNING - Any course not found with this department: 602
2024-09-15 23:03:07,073 - INFO - Department 132/200
2024-09-15 23:03:07,073 - INFO - Department code: 611
2024-09-15 23:03:07,151 - INFO - Total 3 courses found
2024-09-15 23:03:09,672 - INFO - Department 133/200
2024-09-15 23:03:09,672 - INFO - Department code: 380
2024-09-15 23:03:09,746 - INFO - Total 2 courses found
2024-09-15 23:03:10,397 - INFO - Department 134/200
2024-09-15 23:03:10,398 - INFO - Department code: 639
2024-09-15 23:03:10,480 - INFO - Total 6 courses found
2024-09-15 23:03:44,357 - INFO - Department 135/200
2024-09-15 23:03:44,358 - INFO - Department code: 359
2024-09-15 23:03:44,443 - INFO - Total 4 courses found
2024-09-15 23:03:50,075 - INFO - Department 136/200
2024-09-15 23:03:50,076 - INFO - Department code: 603
2024-09-15 23:03:50,157 - INFO - Total 6 courses found
2024-09-15 23:03:52,448 - INFO - Department 137/200
2024-09-15 23:03:52,448 - INFO - Department code: 370
2024-09-15 23:03:52,527 - INFO - Total 2 courses found
2024-09-15 23:03:53,497 - INFO - Department 138/200
2024-09-15 23:03:53,497 - INFO - Department code: 604
2024-09-15 23:03:53,576 - INFO - Total 6 courses found
2024-09-15 23:03:57,146 - INFO - Department 139/200
2024-09-15 23:03:57,146 - INFO - Department code: 369
2024-09-15 23:03:57,224 - INFO - Total 2 courses found
2024-09-15 23:03:58,230 - INFO - Department 140/200
2024-09-15 23:03:58,230 - INFO - Department code: 609
2024-09-15 23:03:58,324 - WARNING - Any course not found with this department: 609
2024-09-15 23:03:58,324 - INFO - Department 141/200
2024-09-15 23:03:58,324 - INFO - Department code: 606
2024-09-15 23:03:58,403 - INFO - Total 4 courses found
2024-09-15 23:03:59,970 - INFO - Department 142/200
2024-09-15 23:03:59,970 - INFO - Department code: 605
2024-09-15 23:04:00,048 - INFO - Total 3 courses found
2024-09-15 23:04:01,046 - INFO - Department 143/200
2024-09-15 23:04:01,047 - INFO - Department code: 613
2024-09-15 23:04:01,168 - WARNING - Any course not found with this department: 613
2024-09-15 23:04:01,169 - INFO - Department 144/200
2024-09-15 23:04:01,169 - INFO - Department code: 612
2024-09-15 23:04:01,242 - INFO - Total 2 courses found
2024-09-15 23:04:01,913 - INFO - Department 145/200
2024-09-15 23:04:01,913 - INFO - Department code: 607
2024-09-15 23:04:01,992 - INFO - Total 3 courses found
2024-09-15 23:04:02,983 - INFO - Department 146/200
2024-09-15 23:04:02,983 - INFO - Department code: 608
2024-09-15 23:04:03,062 - INFO - Total 4 courses found
2024-09-15 23:04:05,159 - INFO - Department 147/200
2024-09-15 23:04:05,159 - INFO - Department code: 385
2024-09-15 23:04:05,234 - INFO - Total 1 courses found
2024-09-15 23:04:05,801 - INFO - Department 148/200
2024-09-15 23:04:05,801 - INFO - Department code: 629
2024-09-15 23:04:05,876 - INFO - Total 1 courses found
2024-09-15 23:04:06,340 - INFO - Department 149/200
2024-09-15 23:04:06,340 - INFO - Department code: 219
2024-09-15 23:04:06,450 - INFO - Total 20 courses found
2024-09-15 23:04:19,640 - INFO - Department 150/200
2024-09-15 23:04:19,641 - INFO - Department code: 909
2024-09-15 23:04:19,740 - INFO - Total 9 courses found
2024-09-15 23:04:24,686 - INFO - Department 151/200
2024-09-15 23:04:24,686 - INFO - Department code: 644
2024-09-15 23:04:24,780 - WARNING - Any course not found with this department: 644
2024-09-15 23:04:24,780 - INFO - Department 152/200
2024-09-15 23:04:24,780 - INFO - Department code: 682
2024-09-15 23:04:24,952 - INFO - Total 36 courses found
2024-09-15 23:04:37,226 - INFO - Department 153/200
2024-09-15 23:04:37,226 - INFO - Department code: 643
2024-09-15 23:04:37,352 - INFO - Total 26 courses found
2024-09-15 23:04:46,413 - INFO - Department 154/200
2024-09-15 23:04:46,414 - INFO - Department code: 651
2024-09-15 23:04:46,582 - INFO - Total 32 courses found
2024-09-15 23:04:57,123 - INFO - Department 155/200
2024-09-15 23:04:57,124 - INFO - Department code: 878
2024-09-15 23:04:57,199 - INFO - Total 1 courses found
2024-09-15 23:04:57,550 - INFO - Department 156/200
2024-09-15 23:04:57,550 - INFO - Department code: 877
2024-09-15 23:04:57,650 - INFO - Total 9 courses found
2024-09-15 23:05:47,865 - INFO - Department 157/200
2024-09-15 23:05:47,865 - INFO - Department code: 387
2024-09-15 23:05:47,943 - INFO - Total 2 courses found
2024-09-15 23:05:48,671 - INFO - Department 158/200
2024-09-15 23:05:48,672 - INFO - Department code: 956
2024-09-15 23:05:48,745 - INFO - Total 1 courses found
2024-09-15 23:05:49,105 - INFO - Department 159/200
2024-09-15 23:05:49,105 - INFO - Department code: 880
2024-09-15 23:05:49,263 - INFO - Total 7 courses found
2024-09-15 23:05:58,246 - INFO - Department 160/200
2024-09-15 23:05:58,246 - INFO - Department code: 566
2024-09-15 23:05:58,393 - INFO - Total 27 courses found
2024-09-15 23:06:08,397 - INFO - Department 161/200
2024-09-15 23:06:08,397 - INFO - Department code: 374
2024-09-15 23:06:08,506 - INFO - Total 12 courses found
2024-09-15 23:06:12,246 - INFO - Department 162/200
2024-09-15 23:06:12,246 - INFO - Department code: 241
2024-09-15 23:06:12,397 - INFO - Total 37 courses found
2024-09-15 23:06:31,775 - INFO - Department 163/200
2024-09-15 23:06:31,776 - INFO - Department code: 377
2024-09-15 23:06:31,911 - INFO - Total 1 courses found
2024-09-15 23:06:32,320 - INFO - Department 164/200
2024-09-15 23:06:32,320 - INFO - Department code: 951
2024-09-15 23:06:32,398 - WARNING - Any course not found with this department: 951
2024-09-15 23:06:32,398 - INFO - Department 165/200
2024-09-15 23:06:32,414 - INFO - Department code: 453
2024-09-15 23:06:32,508 - INFO - Total 15 courses found
2024-09-15 23:06:38,867 - INFO - Department 166/200
2024-09-15 23:06:38,868 - INFO - Department code: 421
2024-09-15 23:06:39,006 - WARNING - Any course not found with this department: 421
2024-09-15 23:06:39,007 - INFO - Department 167/200
2024-09-15 23:06:39,007 - INFO - Department code: 230
2024-09-15 23:06:39,188 - INFO - Total 62 courses found
2024-09-15 23:07:23,313 - INFO - Department 168/200
2024-09-15 23:07:23,314 - INFO - Department code: 358
2024-09-15 23:07:23,406 - INFO - Total 2 courses found
2024-09-15 23:07:25,762 - INFO - Department 169/200
2024-09-15 23:07:25,762 - INFO - Department code: 354
2024-09-15 23:07:25,888 - INFO - Total 15 courses found
2024-09-15 23:07:30,715 - INFO - Department 170/200
2024-09-15 23:07:30,715 - INFO - Department code: 310
2024-09-15 23:07:30,903 - INFO - Total 64 courses found
2024-09-15 23:08:12,213 - INFO - Department 171/200
2024-09-15 23:08:12,214 - INFO - Department code: 862
2024-09-15 23:08:12,317 - INFO - Total 7 courses found
2024-09-15 23:08:25,689 - INFO - Department 172/200
2024-09-15 23:08:25,689 - INFO - Department code: 233
2024-09-15 23:08:25,877 - INFO - Total 68 courses found
2024-09-15 23:08:54,820 - INFO - Department 173/200
2024-09-15 23:08:54,821 - INFO - Department code: 371
2024-09-15 23:08:54,946 - INFO - Total 20 courses found
2024-09-15 23:09:01,092 - INFO - Department 174/200
2024-09-15 23:09:01,092 - INFO - Department code: 852
2024-09-15 23:09:01,170 - INFO - Total 1 courses found
2024-09-15 23:09:05,482 - INFO - Department 175/200
2024-09-15 23:09:05,483 - INFO - Department code: 885
2024-09-15 23:09:05,576 - INFO - Total 3 courses found
2024-09-15 23:09:13,509 - INFO - Department 176/200
2024-09-15 23:09:13,509 - INFO - Department code: 831
2024-09-15 23:09:13,619 - INFO - Total 13 courses found
2024-09-15 23:09:20,325 - INFO - Department 177/200
2024-09-15 23:09:20,325 - INFO - Department code: 827
2024-09-15 23:09:20,418 - WARNING - Any course not found with this department: 827
2024-09-15 23:09:20,419 - INFO - Department 178/200
2024-09-15 23:09:20,419 - INFO - Department code: 972
2024-09-15 23:09:20,516 - WARNING - Any course not found with this department: 972
2024-09-15 23:09:20,516 - INFO - Department 179/200
2024-09-15 23:09:20,517 - INFO - Department code: 420
2024-09-15 23:09:20,629 - INFO - Total 3 courses found
2024-09-15 23:09:21,748 - INFO - Department 180/200
2024-09-15 23:09:21,749 - INFO - Department code: 814
2024-09-15 23:09:21,848 - INFO - Total 11 courses found
2024-09-15 23:09:26,180 - INFO - Department 181/200
2024-09-15 23:09:26,180 - INFO - Department code: 840
2024-09-15 23:09:26,261 - INFO - Total 1 courses found
2024-09-15 23:09:29,741 - INFO - Department 182/200
2024-09-15 23:09:29,741 - INFO - Department code: 839
2024-09-15 23:09:29,831 - INFO - Total 4 courses found
2024-09-15 23:09:36,138 - INFO - Department 183/200
2024-09-15 23:09:36,139 - INFO - Department code: 841
2024-09-15 23:09:36,226 - INFO - Total 5 courses found
2024-09-15 23:09:37,735 - INFO - Department 184/200
2024-09-15 23:09:37,735 - INFO - Department code: 232
2024-09-15 23:09:37,892 - INFO - Total 33 courses found
2024-09-15 23:09:50,758 - INFO - Department 185/200
2024-09-15 23:09:50,758 - INFO - Department code: 372
2024-09-15 23:09:50,825 - INFO - Total 1 courses found
2024-09-15 23:09:51,206 - INFO - Department 186/200
2024-09-15 23:09:51,206 - INFO - Department code: 867
2024-09-15 23:09:51,284 - INFO - Total 2 courses found
2024-09-15 23:09:51,971 - INFO - Department 187/200
2024-09-15 23:09:51,971 - INFO - Department code: 389
2024-09-15 23:09:52,051 - INFO - Total 6 courses found
2024-09-15 23:09:53,857 - INFO - Department 188/200
2024-09-15 23:09:53,858 - INFO - Department code: 905
2024-09-15 23:09:53,949 - WARNING - Any course not found with this department: 905
2024-09-15 23:09:53,950 - INFO - Department 189/200
2024-09-15 23:09:53,950 - INFO - Department code: 246
2024-09-15 23:09:54,065 - INFO - Total 29 courses found
2024-09-15 23:10:06,950 - INFO - Department 190/200
2024-09-15 23:10:06,950 - INFO - Department code: 363
2024-09-15 23:10:07,050 - WARNING - Any course not found with this department: 363
2024-09-15 23:10:07,050 - INFO - Department 191/200
2024-09-15 23:10:07,050 - INFO - Department code: 868
2024-09-15 23:10:07,135 - WARNING - Any course not found with this department: 868
2024-09-15 23:10:07,135 - INFO - Department 192/200
2024-09-15 23:10:07,135 - INFO - Department code: 390
2024-09-15 23:10:07,242 - INFO - Total 13 courses found
2024-09-15 23:10:24,064 - INFO - Department 193/200
2024-09-15 23:10:24,064 - INFO - Department code: 366
2024-09-15 23:10:24,173 - INFO - Total 17 courses found
2024-09-15 23:10:29,080 - INFO - Department 194/200
2024-09-15 23:10:29,080 - INFO - Department code: 790
2024-09-15 23:10:29,172 - WARNING - Any course not found with this department: 790
2024-09-15 23:10:29,172 - INFO - Department 195/200
2024-09-15 23:10:29,172 - INFO - Department code: 642
2024-09-15 23:10:29,251 - INFO - Total 7 courses found
2024-09-15 23:10:45,640 - INFO - Department 196/200
2024-09-15 23:10:45,640 - INFO - Department code: 361
2024-09-15 23:10:45,723 - INFO - Total 5 courses found
2024-09-15 23:10:47,916 - INFO - Department 197/200
2024-09-15 23:10:47,917 - INFO - Department code: 855
2024-09-15 23:10:48,002 - INFO - Total 3 courses found
2024-09-15 23:10:53,267 - INFO - Department 198/200
2024-09-15 23:10:53,268 - INFO - Department code: 811
2024-09-15 23:10:53,365 - INFO - Total 8 courses found
2024-09-15 23:11:03,889 - INFO - Department 199/200
2024-09-15 23:11:03,889 - INFO - Department code: 792
2024-09-15 23:11:03,984 - WARNING - Any course not found with this department: 792
2024-09-15 23:11:03,990 - INFO - Department 200/200
2024-09-15 23:11:03,991 - INFO - Department code: 907
2024-09-15 23:11:04,070 - WARNING - Any course not found with this department: 907
2024-09-15 23:11:04,107 - INFO - Departments exported to: export\20241_departments.json
2024-09-15 23:11:10,198 - INFO - Course data exported to: export\15-09-2024_23-11-04_data.json
